2017-12-31 10:19:27 INFO  JavaRushTasksProjectComponent.projectOpened(68) - ---------- Project JavaRushTasks opened ----------

2017-12-31 10:19:28 INFO  ApacheHttpClient.createAsyncHttpClient(125) - Выбрано 1 прокси.
2017-12-31 10:19:28 INFO  ApacheHttpClient.<init>(85) - ApacheHttpClient проинстанциирован успешно.
2017-12-31 10:19:28 INFO  ApacheHttpClient.testConnection(178) - responseCode = 200
2017-12-31 10:19:28 INFO  ApacheHttpClient.testConnection(185) - result = true
2017-12-31 10:19:28 INFO  ApacheHttpClient.login(209) - Ожидание ответа сервера.
2017-12-31 10:19:28 INFO  ApacheHttpClient.login(213) - responseCode200
2017-12-31 10:19:28 INFO  ApacheHttpClient.login(244) - JSESSIONID=A72E3EB8A41251E818F8EE8B46A63CF3
2017-12-31 10:19:28 INFO  ApacheHttpClient.refreshUserInfo(272) - responseCode = 200
2017-12-31 10:19:28 INFO  ApacheHttpClient.refreshUserInfo(278) - Информация о пользователе получена.
2017-12-31 10:19:28 INFO  ApacheHttpClient.startGA(32) - GAService запущен.
2017-12-31 10:19:28 INFO  AbstractRestApiClient.startService(70) - EventsService запущен.
2017-12-31 10:19:29 INFO  ApacheHttpClient.testConnection(178) - responseCode = 200
2017-12-31 10:19:29 INFO  ApacheHttpClient.testConnection(185) - result = true
2017-12-31 10:19:29 INFO  ApacheHttpClient.testConnection(178) - responseCode = 200
2017-12-31 10:19:29 INFO  ApacheHttpClient.testConnection(185) - result = true
2017-12-31 10:19:29 INFO  ApacheHttpClient.getWebResourceAsStream(420) - responseCode = 200
2017-12-31 10:19:33 INFO  ApacheHttpClient.testConnection(178) - responseCode = 200
2017-12-31 10:19:33 INFO  ApacheHttpClient.testConnection(185) - result = true
2017-12-31 10:19:33 INFO  ApacheHttpClient.testConnection(178) - responseCode = 200
2017-12-31 10:19:33 INFO  ApacheHttpClient.testConnection(185) - result = true
2017-12-31 10:19:33 INFO  ApacheHttpClient.testConnection(178) - responseCode = 200
2017-12-31 10:19:33 INFO  ApacheHttpClient.testConnection(185) - result = true
2017-12-31 10:19:35 INFO  ApacheHttpClient.testConnection(178) - responseCode = 200
2017-12-31 10:19:35 INFO  ApacheHttpClient.testConnection(185) - result = true
2017-12-31 10:19:37 INFO  ApacheHttpClient.getWebResourceAsStream(420) - responseCode = 200
2017-12-31 10:19:37 INFO  ApacheHttpClient.getFilteredTasks(307) - responseCode = 200
2017-12-31 10:20:28 INFO  ApacheHttpClient.sendEvent(450) - responseCode = 200
2017-12-31 10:20:37 INFO  ApacheHttpClient.getWebResourceAsStream(420) - responseCode = 200
2017-12-31 10:20:38 INFO  ApacheHttpClient.getWebResourceAsStream(420) - responseCode = 200
2017-12-31 10:20:38 INFO  ApacheHttpClient.getTask(405) - responseCode = 200
2017-12-31 10:20:42 INFO  ApacheHttpClient.completed(27) - responseCode = 200
2017-12-31 10:21:28 INFO  ApacheHttpClient.sendEvent(450) - responseCode = 200
2017-12-31 10:22:28 INFO  ApacheHttpClient.sendEvent(450) - responseCode = 200
2017-12-31 10:23:27 INFO  ApacheHttpClient.getWebResourceAsStream(420) - responseCode = 200
2017-12-31 10:23:27 INFO  ApacheHttpClient.getFilteredTasks(307) - responseCode = 200
2017-12-31 10:23:28 INFO  ApacheHttpClient.sendEvent(450) - responseCode = 200
2017-12-31 10:23:30 INFO  ApacheHttpClient.getTaskTemplateInfo(324) - responseCode = 200
2017-12-31 10:23:30 INFO  ApacheHttpClient.testConnection(178) - responseCode = 200
2017-12-31 10:23:30 INFO  ApacheHttpClient.testConnection(185) - result = true
2017-12-31 10:23:30 INFO  ApacheHttpClient.testConnection(178) - responseCode = 200
2017-12-31 10:23:30 INFO  ApacheHttpClient.testConnection(185) - result = true
2017-12-31 10:23:30 INFO  ApacheHttpClient.getWebResourceAsStream(420) - responseCode = 200
2017-12-31 10:24:28 INFO  ApacheHttpClient.sendEvent(450) - responseCode = 200
2017-12-31 10:25:28 INFO  ApacheHttpClient.sendEvent(450) - responseCode = 200
2017-12-31 10:26:28 INFO  ApacheHttpClient.sendEvent(450) - responseCode = 200
2017-12-31 10:27:28 INFO  ApacheHttpClient.sendEvent(450) - responseCode = 200
2017-12-31 10:28:28 INFO  ApacheHttpClient.sendEvent(450) - responseCode = 200
2017-12-31 10:29:28 INFO  ApacheHttpClient.sendEvent(450) - responseCode = 200
2017-12-31 10:30:28 INFO  ApacheHttpClient.sendEvent(450) - responseCode = 200
2017-12-31 10:31:28 INFO  ApacheHttpClient.sendEvent(450) - responseCode = 200
2017-12-31 10:32:28 INFO  ApacheHttpClient.sendEvent(450) - responseCode = 200
2017-12-31 10:33:28 INFO  ApacheHttpClient.sendEvent(450) - responseCode = 200
2017-12-31 10:34:28 INFO  ApacheHttpClient.sendEvent(450) - responseCode = 200
2017-12-31 10:35:28 INFO  ApacheHttpClient.sendEvent(450) - responseCode = 200
2017-12-31 10:36:28 INFO  ApacheHttpClient.sendEvent(450) - responseCode = 200
2017-12-31 10:37:28 INFO  ApacheHttpClient.sendEvent(450) - responseCode = 200
2017-12-31 10:38:25 INFO  ApacheHttpClient.testConnection(178) - responseCode = 200
2017-12-31 10:38:25 INFO  ApacheHttpClient.testConnection(185) - result = true
2017-12-31 10:38:28 INFO  ApacheHttpClient.sendEvent(450) - responseCode = 200
2017-12-31 10:39:28 INFO  ApacheHttpClient.sendEvent(450) - responseCode = 200
2017-12-31 10:40:28 INFO  ApacheHttpClient.sendEvent(450) - responseCode = 200
2017-12-31 10:41:28 INFO  ApacheHttpClient.sendEvent(450) - responseCode = 200
2017-12-31 10:42:28 INFO  ApacheHttpClient.sendEvent(450) - responseCode = 200
2017-12-31 10:43:28 INFO  ApacheHttpClient.sendEvent(450) - responseCode = 200
2017-12-31 10:44:28 INFO  ApacheHttpClient.sendEvent(450) - responseCode = 200
2017-12-31 10:45:28 INFO  ApacheHttpClient.sendEvent(450) - responseCode = 200
2017-12-31 10:46:28 INFO  ApacheHttpClient.sendEvent(450) - responseCode = 200
2017-12-31 10:47:28 INFO  ApacheHttpClient.sendEvent(450) - responseCode = 200
2017-12-31 10:48:28 INFO  ApacheHttpClient.sendEvent(450) - responseCode = 200
2017-12-31 10:48:47 INFO  ApacheHttpClient.getWebResourceAsStream(420) - responseCode = 200
2017-12-31 10:48:47 INFO  ApacheHttpClient.getWebResourceAsStream(420) - responseCode = 200
2017-12-31 10:48:47 INFO  ApacheHttpClient.getTask(405) - responseCode = 200
2017-12-31 10:48:50 INFO  ApacheHttpClient.completed(27) - responseCode = 200
2017-12-31 10:49:28 INFO  ApacheHttpClient.sendEvent(450) - responseCode = 200
2017-12-31 10:50:28 INFO  ApacheHttpClient.sendEvent(450) - responseCode = 200
2017-12-31 10:51:28 INFO  ApacheHttpClient.sendEvent(450) - responseCode = 200
2017-12-31 10:52:05 INFO  ApacheHttpClient.getWebResourceAsStream(420) - responseCode = 200
2017-12-31 10:52:05 INFO  ApacheHttpClient.getWebResourceAsStream(420) - responseCode = 200
2017-12-31 10:52:05 INFO  ApacheHttpClient.getTask(405) - responseCode = 200
2017-12-31 10:52:09 INFO  ApacheHttpClient.completed(27) - responseCode = 200
2017-12-31 10:52:20 INFO  ApacheHttpClient.getWebResourceAsStream(420) - responseCode = 200
2017-12-31 10:52:21 INFO  ApacheHttpClient.getTask(405) - responseCode = 200
2017-12-31 10:52:28 INFO  ApacheHttpClient.sendEvent(450) - responseCode = 200
2017-12-31 10:53:28 INFO  ApacheHttpClient.sendEvent(450) - responseCode = 200
2017-12-31 10:54:28 INFO  ApacheHttpClient.sendEvent(450) - responseCode = 200
2017-12-31 10:55:28 INFO  ApacheHttpClient.sendEvent(450) - responseCode = 200
2017-12-31 10:56:28 INFO  ApacheHttpClient.sendEvent(450) - responseCode = 200
2017-12-31 10:57:28 INFO  ApacheHttpClient.sendEvent(450) - responseCode = 200
2017-12-31 10:58:28 INFO  ApacheHttpClient.sendEvent(450) - responseCode = 200
2017-12-31 10:58:44 INFO  ApacheHttpClient.getWebResourceAsStream(420) - responseCode = 200
2017-12-31 10:58:45 INFO  ApacheHttpClient.getWebResourceAsStream(420) - responseCode = 200
2017-12-31 10:58:45 INFO  ApacheHttpClient.getTask(405) - responseCode = 200
2017-12-31 10:58:48 INFO  ApacheHttpClient.completed(27) - responseCode = 200
2017-12-31 10:59:28 INFO  ApacheHttpClient.sendEvent(450) - responseCode = 200
2017-12-31 11:00:28 INFO  ApacheHttpClient.sendEvent(450) - responseCode = 200
2017-12-31 11:01:28 INFO  ApacheHttpClient.sendEvent(450) - responseCode = 200
2017-12-31 11:02:28 INFO  ApacheHttpClient.sendEvent(450) - responseCode = 200
2017-12-31 11:03:28 INFO  ApacheHttpClient.sendEvent(450) - responseCode = 200
2017-12-31 11:04:28 INFO  ApacheHttpClient.sendEvent(450) - responseCode = 200
2017-12-31 11:05:28 INFO  ApacheHttpClient.sendEvent(450) - responseCode = 200
2017-12-31 11:06:28 INFO  ApacheHttpClient.sendEvent(450) - responseCode = 200
2017-12-31 11:07:28 INFO  ApacheHttpClient.sendEvent(450) - responseCode = 200
2017-12-31 11:08:28 INFO  ApacheHttpClient.sendEvent(450) - responseCode = 200
2017-12-31 11:09:28 INFO  ApacheHttpClient.sendEvent(450) - responseCode = 200
2017-12-31 11:10:28 INFO  ApacheHttpClient.sendEvent(450) - responseCode = 200
2017-12-31 11:11:28 INFO  ApacheHttpClient.sendEvent(450) - responseCode = 200
2017-12-31 11:12:28 INFO  ApacheHttpClient.sendEvent(450) - responseCode = 200
2017-12-31 11:13:28 INFO  ApacheHttpClient.sendEvent(450) - responseCode = 200
2017-12-31 11:14:28 INFO  ApacheHttpClient.sendEvent(450) - responseCode = 200
2017-12-31 11:15:28 INFO  ApacheHttpClient.sendEvent(450) - responseCode = 200
2017-12-31 11:16:15 INFO  ApacheHttpClient.getWebResourceAsStream(420) - responseCode = 200
2017-12-31 11:16:15 INFO  ApacheHttpClient.getWebResourceAsStream(420) - responseCode = 200
2017-12-31 11:16:15 INFO  ApacheHttpClient.getTask(405) - responseCode = 200
2017-12-31 11:16:19 INFO  ApacheHttpClient.completed(27) - responseCode = 200
2017-12-31 11:16:28 INFO  ApacheHttpClient.sendEvent(450) - responseCode = 200
2017-12-31 11:17:08 INFO  ApacheHttpClient.getWebResourceAsStream(420) - responseCode = 200
2017-12-31 11:17:08 INFO  ApacheHttpClient.getWebResourceAsStream(420) - responseCode = 200
2017-12-31 11:17:09 INFO  ApacheHttpClient.getTask(405) - responseCode = 200
2017-12-31 11:17:12 INFO  ApacheHttpClient.completed(27) - responseCode = 200
2017-12-31 11:17:28 INFO  ApacheHttpClient.sendEvent(450) - responseCode = 200
2017-12-31 11:18:28 INFO  ApacheHttpClient.sendEvent(450) - responseCode = 200
2017-12-31 11:19:28 INFO  ApacheHttpClient.sendEvent(450) - responseCode = 200
2017-12-31 11:20:28 INFO  ApacheHttpClient.sendEvent(450) - responseCode = 200
2017-12-31 11:21:28 INFO  ApacheHttpClient.sendEvent(450) - responseCode = 200
2017-12-31 11:22:28 INFO  ApacheHttpClient.sendEvent(450) - responseCode = 200
2017-12-31 11:22:34 INFO  ApacheHttpClient.getWebResourceAsStream(420) - responseCode = 200
2017-12-31 11:22:34 INFO  ApacheHttpClient.getTask(405) - responseCode = 200
2017-12-31 11:23:28 INFO  ApacheHttpClient.sendEvent(450) - responseCode = 200
2017-12-31 11:24:28 INFO  ApacheHttpClient.sendEvent(450) - responseCode = 200
2017-12-31 11:25:28 INFO  ApacheHttpClient.sendEvent(450) - responseCode = 200
2017-12-31 11:26:28 INFO  ApacheHttpClient.sendEvent(450) - responseCode = 200
2017-12-31 11:27:28 INFO  ApacheHttpClient.sendEvent(450) - responseCode = 200
2017-12-31 11:28:28 INFO  ApacheHttpClient.sendEvent(450) - responseCode = 200
2017-12-31 11:29:28 INFO  ApacheHttpClient.sendEvent(450) - responseCode = 200
2017-12-31 11:30:28 INFO  ApacheHttpClient.sendEvent(450) - responseCode = 200
2017-12-31 11:31:28 INFO  ApacheHttpClient.sendEvent(450) - responseCode = 200
2017-12-31 11:32:06 INFO  ApacheHttpClient.getWebResourceAsStream(420) - responseCode = 200
2017-12-31 11:32:06 INFO  ApacheHttpClient.getWebResourceAsStream(420) - responseCode = 200
2017-12-31 11:32:06 INFO  ApacheHttpClient.getTask(405) - responseCode = 200
2017-12-31 11:32:09 INFO  ApacheHttpClient.completed(27) - responseCode = 200
2017-12-31 11:32:28 INFO  ApacheHttpClient.sendEvent(450) - responseCode = 200
2017-12-31 11:32:33 INFO  ApacheHttpClient.getWebResourceAsStream(420) - responseCode = 200
2017-12-31 11:32:34 INFO  ApacheHttpClient.getWebResourceAsStream(420) - responseCode = 200
2017-12-31 11:32:34 INFO  ApacheHttpClient.getTask(405) - responseCode = 200
2017-12-31 11:32:37 INFO  ApacheHttpClient.completed(27) - responseCode = 200
2017-12-31 11:33:28 INFO  ApacheHttpClient.sendEvent(450) - responseCode = 200
2017-12-31 11:34:28 INFO  ApacheHttpClient.sendEvent(450) - responseCode = 200
2017-12-31 11:35:28 INFO  ApacheHttpClient.sendEvent(450) - responseCode = 200
2017-12-31 11:36:28 INFO  ApacheHttpClient.sendEvent(450) - responseCode = 200
2017-12-31 11:37:28 INFO  ApacheHttpClient.sendEvent(450) - responseCode = 200
2017-12-31 11:38:28 INFO  ApacheHttpClient.sendEvent(450) - responseCode = 200
2017-12-31 11:39:28 INFO  ApacheHttpClient.sendEvent(450) - responseCode = 200
2017-12-31 11:39:54 INFO  ApacheHttpClient.getWebResourceAsStream(420) - responseCode = 200
2017-12-31 11:39:54 INFO  ApacheHttpClient.getWebResourceAsStream(420) - responseCode = 200
2017-12-31 11:39:54 INFO  ApacheHttpClient.getTask(405) - responseCode = 200
2017-12-31 11:39:57 INFO  ApacheHttpClient.completed(27) - responseCode = 200
2017-12-31 11:40:28 INFO  ApacheHttpClient.sendEvent(450) - responseCode = 200
2017-12-31 11:41:28 INFO  ApacheHttpClient.sendEvent(450) - responseCode = 200
2017-12-31 11:42:04 INFO  ApacheHttpClient.getWebResourceAsStream(420) - responseCode = 200
2017-12-31 11:42:04 INFO  ApacheHttpClient.getFilteredTasks(307) - responseCode = 200
2017-12-31 11:42:28 INFO  ApacheHttpClient.sendEvent(450) - responseCode = 200
2017-12-31 11:43:28 INFO  ApacheHttpClient.sendEvent(450) - responseCode = 200
2017-12-31 11:44:28 INFO  ApacheHttpClient.sendEvent(450) - responseCode = 200
2017-12-31 13:52:31 ERROR ApacheHttpClient.processExceptionSendEvent(103) - (super) Ошибка во время отправки ивента на сервер.
2017-12-31 14:52:45 INFO  ApacheHttpClient.sendEvent(450) - responseCode = 200
2017-12-31 17:08:57 ERROR ApacheHttpClient.processExceptionSendEvent(103) - (super) Ошибка во время отправки ивента на сервер.
2017-12-31 19:46:32 INFO  ApacheHttpClient.sendEvent(450) - responseCode = 200
2017-12-31 19:47:31 INFO  ApacheHttpClient.sendEvent(450) - responseCode = 200
2017-12-31 19:48:31 INFO  ApacheHttpClient.sendEvent(450) - responseCode = 200
2017-12-31 19:49:31 INFO  ApacheHttpClient.sendEvent(450) - responseCode = 200
2017-12-31 19:50:31 INFO  ApacheHttpClient.sendEvent(450) - responseCode = 200
2017-12-31 19:51:31 INFO  ApacheHttpClient.sendEvent(450) - responseCode = 200
2017-12-31 19:52:31 INFO  ApacheHttpClient.sendEvent(450) - responseCode = 200
2017-12-31 19:53:31 INFO  ApacheHttpClient.sendEvent(450) - responseCode = 200
2017-12-31 19:54:31 INFO  ApacheHttpClient.sendEvent(450) - responseCode = 200
2017-12-31 19:55:31 INFO  ApacheHttpClient.sendEvent(450) - responseCode = 200
2017-12-31 19:56:31 INFO  ApacheHttpClient.sendEvent(450) - responseCode = 200
2017-12-31 19:57:31 INFO  ApacheHttpClient.sendEvent(450) - responseCode = 200
2017-12-31 19:58:31 INFO  ApacheHttpClient.sendEvent(450) - responseCode = 200
2017-12-31 19:59:31 INFO  ApacheHttpClient.sendEvent(450) - responseCode = 200
2017-12-31 20:00:31 INFO  ApacheHttpClient.sendEvent(450) - responseCode = 200
2017-12-31 20:01:31 INFO  ApacheHttpClient.sendEvent(450) - responseCode = 200
2017-12-31 20:02:31 INFO  ApacheHttpClient.sendEvent(450) - responseCode = 200
2017-12-31 20:03:31 INFO  ApacheHttpClient.sendEvent(450) - responseCode = 200
2017-12-31 20:04:31 INFO  ApacheHttpClient.sendEvent(450) - responseCode = 200
2017-12-31 20:05:31 INFO  ApacheHttpClient.sendEvent(450) - responseCode = 200
2017-12-31 20:06:31 INFO  ApacheHttpClient.sendEvent(450) - responseCode = 200
2017-12-31 20:07:31 INFO  ApacheHttpClient.sendEvent(450) - responseCode = 200
2017-12-31 20:08:31 INFO  ApacheHttpClient.sendEvent(450) - responseCode = 200
2017-12-31 20:09:31 INFO  ApacheHttpClient.sendEvent(450) - responseCode = 200
2017-12-31 20:10:31 INFO  ApacheHttpClient.sendEvent(450) - responseCode = 200
2017-12-31 20:11:31 INFO  ApacheHttpClient.sendEvent(450) - responseCode = 200
2017-12-31 20:12:31 INFO  ApacheHttpClient.sendEvent(450) - responseCode = 200
2017-12-31 20:13:31 INFO  ApacheHttpClient.sendEvent(450) - responseCode = 200
2017-12-31 20:14:31 INFO  ApacheHttpClient.sendEvent(450) - responseCode = 200
2017-12-31 20:15:31 INFO  ApacheHttpClient.sendEvent(450) - responseCode = 200
2017-12-31 20:16:01 INFO  ApacheHttpClient.getWebResourceAsStream(420) - responseCode = 200
2017-12-31 20:16:01 INFO  ApacheHttpClient.getWebResourceAsStream(420) - responseCode = 200
2017-12-31 20:16:01 INFO  ApacheHttpClient.getTask(405) - responseCode = 200
2017-12-31 20:16:04 INFO  ApacheHttpClient.completed(27) - responseCode = 200
2017-12-31 20:16:31 INFO  ApacheHttpClient.sendEvent(450) - responseCode = 200
2017-12-31 20:17:31 INFO  ApacheHttpClient.sendEvent(450) - responseCode = 200
2017-12-31 20:18:31 INFO  ApacheHttpClient.sendEvent(450) - responseCode = 200
2017-12-31 20:18:34 INFO  ApacheHttpClient.getWebResourceAsStream(420) - responseCode = 200
2017-12-31 20:18:34 INFO  ApacheHttpClient.getFilteredTasks(307) - responseCode = 200
2017-12-31 20:19:31 INFO  ApacheHttpClient.sendEvent(450) - responseCode = 200
2017-12-31 20:20:31 INFO  ApacheHttpClient.sendEvent(450) - responseCode = 200
2017-12-31 20:21:31 INFO  ApacheHttpClient.sendEvent(450) - responseCode = 200
2017-12-31 20:22:31 INFO  ApacheHttpClient.sendEvent(450) - responseCode = 200
2017-12-31 20:23:16 INFO  ApacheHttpClient.getWebResourceAsStream(420) - responseCode = 200
2017-12-31 20:23:16 INFO  ApacheHttpClient.getWebResourceAsStream(420) - responseCode = 200
2017-12-31 20:23:16 INFO  ApacheHttpClient.getTask(405) - responseCode = 200
2017-12-31 20:23:20 INFO  ApacheHttpClient.completed(27) - responseCode = 200
2017-12-31 20:23:28 INFO  ApacheHttpClient.getWebResourceAsStream(420) - responseCode = 200
2017-12-31 20:23:28 ERROR JavaRushUtil.getCurrentTask(68) - Ошибка получения ключа задачи.
2017-12-31 20:23:28 INFO  ApacheHttpClient.getTask(405) - responseCode = 200
2017-12-31 20:23:31 INFO  ApacheHttpClient.sendEvent(450) - responseCode = 200
2017-12-31 20:24:31 INFO  ApacheHttpClient.sendEvent(450) - responseCode = 200
2017-12-31 20:25:31 INFO  ApacheHttpClient.sendEvent(450) - responseCode = 200
2017-12-31 20:26:31 INFO  ApacheHttpClient.sendEvent(450) - responseCode = 200
2017-12-31 20:27:31 INFO  ApacheHttpClient.sendEvent(450) - responseCode = 200
2017-12-31 20:28:31 INFO  ApacheHttpClient.sendEvent(450) - responseCode = 200
2017-12-31 20:29:31 INFO  ApacheHttpClient.sendEvent(450) - responseCode = 200
2017-12-31 20:29:52 INFO  ApacheHttpClient.getWebResourceAsStream(420) - responseCode = 200
2017-12-31 20:29:52 INFO  ApacheHttpClient.getWebResourceAsStream(420) - responseCode = 200
2017-12-31 20:29:53 INFO  ApacheHttpClient.getTask(405) - responseCode = 200
2017-12-31 20:29:56 INFO  ApacheHttpClient.completed(27) - responseCode = 200
2017-12-31 20:30:31 INFO  ApacheHttpClient.sendEvent(450) - responseCode = 200
2017-12-31 20:31:31 INFO  ApacheHttpClient.sendEvent(450) - responseCode = 200
2017-12-31 20:32:31 INFO  ApacheHttpClient.sendEvent(450) - responseCode = 200
2017-12-31 20:33:31 INFO  ApacheHttpClient.sendEvent(450) - responseCode = 200
2017-12-31 20:34:31 INFO  ApacheHttpClient.sendEvent(450) - responseCode = 200
2017-12-31 20:35:31 INFO  ApacheHttpClient.sendEvent(450) - responseCode = 200
2017-12-31 20:36:31 INFO  ApacheHttpClient.sendEvent(450) - responseCode = 200
2017-12-31 20:38:16 INFO  ApacheHttpClient.sendEvent(450) - responseCode = 200
2017-12-31 23:21:20 ERROR ApacheHttpClient.processExceptionSendEvent(103) - (super) Ошибка во время отправки ивента на сервер.
2018-01-01 00:00:47 INFO  ApacheHttpClient.sendEvent(450) - responseCode = 200
2018-01-01 01:26:57 ERROR ApacheHttpClient.processExceptionSendEvent(103) - (super) Ошибка во время отправки ивента на сервер.
2018-01-01 05:27:38 INFO  ApacheHttpClient.sendEvent(450) - responseCode = 200
2018-01-01 10:36:55 ERROR ApacheHttpClient.processExceptionSendEvent(103) - (super) Ошибка во время отправки ивента на сервер.
2018-01-03 09:07:59 INFO  ApacheHttpClient.sendEvent(450) - responseCode = 200
2018-01-03 09:08:56 INFO  ApacheHttpClient.sendEvent(450) - responseCode = 200
2018-01-03 09:09:56 INFO  ApacheHttpClient.sendEvent(450) - responseCode = 200
2018-01-03 09:10:32 INFO  JavaRushTasksProjectComponent.projectClosing(157) - ---------- Project JavaRushTasks closed ----------

2018-01-03 09:10:32 INFO  ApacheHttpClient.getTask(405) - responseCode = 200
2018-01-03 09:10:32 INFO  ApacheHttpClient.getTask(405) - responseCode = 200
2018-01-03 15:05:00 INFO  JavaRushTasksProjectComponent.projectOpened(68) - ---------- Project JavaRushTasks opened ----------

2018-01-03 15:05:00 INFO  ApacheHttpClient.createAsyncHttpClient(125) - Выбрано 1 прокси.
2018-01-03 15:05:00 INFO  ApacheHttpClient.<init>(85) - ApacheHttpClient проинстанциирован успешно.
2018-01-03 15:05:01 INFO  ApacheHttpClient.testConnection(178) - responseCode = 200
2018-01-03 15:05:01 INFO  ApacheHttpClient.testConnection(185) - result = true
2018-01-03 15:05:01 INFO  ApacheHttpClient.login(209) - Ожидание ответа сервера.
2018-01-03 15:05:01 INFO  ApacheHttpClient.login(209) - Ожидание ответа сервера.
2018-01-03 15:05:01 INFO  ApacheHttpClient.login(213) - responseCode200
2018-01-03 15:05:01 INFO  ApacheHttpClient.login(244) - JSESSIONID=6C806A30266A2BAE9368DD4901C5D312
2018-01-03 15:05:01 INFO  ApacheHttpClient.refreshUserInfo(272) - responseCode = 200
2018-01-03 15:05:01 INFO  ApacheHttpClient.refreshUserInfo(278) - Информация о пользователе получена.
2018-01-03 15:05:01 INFO  ApacheHttpClient.startGA(32) - GAService запущен.
2018-01-03 15:05:01 INFO  AbstractRestApiClient.startService(70) - EventsService запущен.
2018-01-03 15:05:03 INFO  ApacheHttpClient.testConnection(178) - responseCode = 200
2018-01-03 15:05:03 INFO  ApacheHttpClient.testConnection(185) - result = true
2018-01-03 15:05:03 INFO  ApacheHttpClient.testConnection(178) - responseCode = 200
2018-01-03 15:05:03 INFO  ApacheHttpClient.testConnection(185) - result = true
2018-01-03 15:05:03 INFO  ApacheHttpClient.getWebResourceAsStream(420) - responseCode = 200
2018-01-03 15:05:05 INFO  ApacheHttpClient.testConnection(178) - responseCode = 200
2018-01-03 15:05:05 INFO  ApacheHttpClient.testConnection(185) - result = true
2018-01-03 15:05:06 INFO  ApacheHttpClient.testConnection(178) - responseCode = 200
2018-01-03 15:05:06 INFO  ApacheHttpClient.testConnection(185) - result = true
2018-01-03 15:05:06 INFO  ApacheHttpClient.testConnection(178) - responseCode = 200
2018-01-03 15:05:06 INFO  ApacheHttpClient.testConnection(185) - result = true
2018-01-03 15:05:07 INFO  ApacheHttpClient.testConnection(178) - responseCode = 200
2018-01-03 15:05:07 INFO  ApacheHttpClient.testConnection(185) - result = true
2018-01-03 15:06:01 INFO  ApacheHttpClient.sendEvent(450) - responseCode = 200
2018-01-03 15:06:04 INFO  ApacheHttpClient.getWebResourceAsStream(420) - responseCode = 200
2018-01-03 15:06:04 INFO  ApacheHttpClient.getFilteredTasks(307) - responseCode = 200
